#
# There is insufficient memory for the Java Runtime Environment to continue.
# Native memory allocation (malloc) failed to allocate 1080256 bytes for Chunk::new
# Possible reasons:
#   The system is out of physical RAM or swap space
#   The process is running with CompressedOops enabled, and the Java Heap may be blocking the growth of the native heap
# Possible solutions:
#   Reduce memory load on the system
#   Increase physical memory or swap space
#   Check if swap backing store is full
#   Decrease Java heap size (-Xmx/-Xms)
#   Decrease number of Java threads
#   Decrease Java thread stack sizes (-Xss)
#   Set larger code cache with -XX:ReservedCodeCacheSize=
#   JVM is running with Unscaled Compressed Oops mode in which the Java heap is
#     placed in the first 4GB address space. The Java Heap base address is the
#     maximum limit for the native heap growth. Please use -XX:HeapBaseMinAddress
#     to set the Java Heap base and to place the Java Heap above 4GB virtual address.
# This output file may be truncated or incomplete.
#
#  Out of Memory Error (allocation.cpp:389), pid=14764, tid=0x0000000000002744
#
# JRE version: OpenJDK Runtime Environment (8.0_242-b01) (build 1.8.0_242-release-1644-b01)
# Java VM: OpenJDK 64-Bit Server VM (25.242-b01 mixed mode windows-amd64 compressed oops)
# Failed to write core dump. Minidumps are not enabled by default on client versions of Windows
#

---------------  T H R E A D  ---------------

Current thread (0x00000000190ef000):  JavaThread "C2 CompilerThread1" daemon [_thread_in_native, id=10052, stack(0x00000000197a0000,0x00000000198a0000)]

Stack: [0x00000000197a0000,0x00000000198a0000]
[error occurred during error reporting (printing stack bounds), id 0xc0000005]

Native frames: (J=compiled Java code, j=interpreted, Vv=VM code, C=native code)


Current CompileTask:
C2:  25796 18122       4       com.android.tools.r8.ir.conversion.N::a (737 bytes)


---------------  P R O C E S S  ---------------

Java Threads: ( => current thread )
  0x00000000206f3800 JavaThread "Cache worker for Java compile cache (D:\AndroidStudioProjects\AndroidJetpackDemo\.gradle\6.1.1\javaCompile)" [_thread_blocked, id=10072, stack(0x00000000285a0000,0x00000000286a0000)]
  0x0000000022763000 JavaThread "Cache worker for Java compile cache (C:\Users\NING MEI\.gradle\caches\6.1.1\javaCompile)" [_thread_blocked, id=14400, stack(0x00000000284a0000,0x00000000285a0000)]
  0x000000002275f000 JavaThread "RMI TCP Connection(1)-127.0.0.1" daemon [_thread_in_native, id=5648, stack(0x00000000283a0000,0x00000000284a0000)]
  0x000000002275d800 JavaThread "RMI Reaper" [_thread_blocked, id=7848, stack(0x00000000282a0000,0x00000000283a0000)]
  0x0000000022761800 JavaThread "RMI TCP Accept-0" daemon [_thread_in_native, id=4308, stack(0x00000000281a0000,0x00000000282a0000)]
  0x0000000022763800 JavaThread "GC Daemon" daemon [_thread_blocked, id=1836, stack(0x00000000280a0000,0x00000000281a0000)]
  0x0000000022756000 JavaThread "RMI Scheduler(0)" daemon [_thread_blocked, id=14760, stack(0x0000000027730000,0x0000000027830000)]
  0x0000000022762000 JavaThread "stdout" [_thread_in_native, id=7592, stack(0x0000000027da0000,0x0000000027ea0000)]
  0x000000002275e800 JavaThread "stderr" [_thread_in_native, id=3168, stack(0x0000000027ca0000,0x0000000027da0000)]
  0x0000000022757000 JavaThread "pool-2-thread-1" [_thread_blocked, id=8768, stack(0x0000000027a30000,0x0000000027b30000)]
  0x000000002275d000 JavaThread "WorkerExecutor Queue" [_thread_blocked, id=2188, stack(0x0000000027630000,0x0000000027730000)]
  0x0000000022758800 JavaThread "Cache worker for execution history cache (D:\AndroidStudioProjects\AndroidJetpackDemo\.gradle\6.1.1\executionHistory)" [_thread_blocked, id=8432, stack(0x0000000026160000,0x0000000026260000)]
  0x0000000022757800 JavaThread "Execution worker for ':' Thread 5" [_thread_in_Java, id=13144, stack(0x0000000025e60000,0x0000000025f60000)]
  0x00000000206f6800 JavaThread "Execution worker for ':' Thread 4" [_thread_in_Java, id=11836, stack(0x0000000025d60000,0x0000000025e60000)]
  0x00000000206fd000 JavaThread "Execution worker for ':' Thread 3" [_thread_in_Java, id=15840, stack(0x0000000025c60000,0x0000000025d60000)]
  0x00000000206fc800 JavaThread "Execution worker for ':' Thread 2" [_thread_blocked, id=8740, stack(0x0000000025b60000,0x0000000025c60000)]
  0x00000000206fa000 JavaThread "Execution worker for ':'" [_thread_in_native, id=15672, stack(0x0000000025a60000,0x0000000025b60000)]
  0x00000000206fb800 JavaThread "Cache worker for file content cache (D:\AndroidStudioProjects\AndroidJetpackDemo\.gradle\6.1.1\fileContent)" [_thread_blocked, id=11140, stack(0x0000000025560000,0x0000000025660000)]
  0x00000000206f9800 JavaThread "Cache worker for file content cache (C:\Users\NING MEI\.gradle\caches\6.1.1\fileContent)" [_thread_blocked, id=7680, stack(0x00000000251f0000,0x00000000252f0000)]
  0x00000000206fb000 JavaThread "Memory manager" [_thread_blocked, id=12588, stack(0x0000000024ef0000,0x0000000024ff0000)]
  0x00000000206f2000 JavaThread "Cache worker for Build Output Cleanup Cache (D:\AndroidStudioProjects\AndroidJetpackDemo\.gradle\buildOutputCleanup)" [_thread_blocked, id=6040, stack(0x0000000023df0000,0x0000000023ef0000)]
  0x00000000206f1000 JavaThread "Build operations Thread 6" [_thread_blocked, id=7304, stack(0x00000000234f0000,0x00000000235f0000)]
  0x00000000206f2800 JavaThread "Build operations Thread 5" [_thread_blocked, id=14788, stack(0x00000000233f0000,0x00000000234f0000)]
  0x00000000206ee000 JavaThread "Build operations Thread 4" [_thread_blocked, id=13668, stack(0x00000000232f0000,0x00000000233f0000)]
  0x00000000206f5000 JavaThread "Build operations Thread 3" [_thread_blocked, id=2984, stack(0x0000000022f90000,0x0000000023090000)]
  0x00000000206ef800 JavaThread "Build operations Thread 2" [_thread_blocked, id=15928, stack(0x0000000022e90000,0x0000000022f90000)]
  0x00000000206f0800 JavaThread "Build operations" [_thread_blocked, id=5896, stack(0x0000000021ba0000,0x0000000021ca0000)]
  0x000000001ba33800 JavaThread "Cache worker for execution history cache (C:\Users\NING MEI\.gradle\caches\6.1.1\executionHistory)" [_thread_blocked, id=13660, stack(0x0000000020fc0000,0x00000000210c0000)]
  0x000000001ba2e800 JavaThread "Cache worker for cache directory md-rule (C:\Users\NING MEI\.gradle\caches\6.1.1\md-rule)" [_thread_blocked, id=7236, stack(0x000000001fc90000,0x000000001fd90000)]
  0x000000001ba2d800 JavaThread "Cache worker for cache directory md-supplier (C:\Users\NING MEI\.gradle\caches\6.1.1\md-supplier)" [_thread_blocked, id=5500, stack(0x000000001fb90000,0x000000001fc90000)]
  0x000000001ba32000 JavaThread "Cache worker for file hash cache (D:\AndroidStudioProjects\AndroidJetpackDemo\.gradle\6.1.1\fileHashes)" [_thread_blocked, id=12608, stack(0x0000000020ec0000,0x0000000020fc0000)]
  0x000000001ba33000 JavaThread "Cache worker for checksums cache (D:\AndroidStudioProjects\AndroidJetpackDemo\.gradle\checksums)" [_thread_blocked, id=15596, stack(0x0000000020dc0000,0x0000000020ec0000)]
  0x000000001ba31800 JavaThread "Cache worker for file hash cache (C:\Users\NING MEI\.gradle\caches\6.1.1\fileHashes)" [_thread_blocked, id=11744, stack(0x000000001d6f0000,0x000000001d7f0000)]
  0x000000001ba30800 JavaThread "File lock request listener" [_thread_in_native, id=12680, stack(0x000000001d5f0000,0x000000001d6f0000)]
  0x000000001b974000 JavaThread "Cache worker for journal cache (C:\Users\NING MEI\.gradle\caches\journal-1)" [_thread_blocked, id=15948, stack(0x000000001d3f0000,0x000000001d4f0000)]
  0x000000001b73f000 JavaThread "Thread-9" [_thread_blocked, id=1756, stack(0x000000001d0f0000,0x000000001d1f0000)]
  0x000000001b743000 JavaThread "Stdin handler" [_thread_blocked, id=11736, stack(0x000000001cff0000,0x000000001d0f0000)]
  0x000000001b623000 JavaThread "Asynchronous log dispatcher for DefaultDaemonConnection: socket connection from /127.0.0.1:55935 to /127.0.0.1:55936" [_thread_blocked, id=9272, stack(0x000000001cef0000,0x000000001cff0000)]
  0x000000001b6d3000 JavaThread "Daemon worker" [_thread_in_Java, id=6552, stack(0x000000001cdf0000,0x000000001cef0000)]
  0x000000001b6d2800 JavaThread "Cancel handler" [_thread_blocked, id=644, stack(0x000000001ccf0000,0x000000001cdf0000)]
  0x000000001b49d000 JavaThread "Handler for socket connection from /127.0.0.1:55935 to /127.0.0.1:55936" [_thread_in_native, id=9752, stack(0x000000001c9f0000,0x000000001caf0000)]
  0x000000001b49c000 JavaThread "Daemon" [_thread_blocked, id=5372, stack(0x000000001c8f0000,0x000000001c9f0000)]
  0x000000001b555000 JavaThread "Daemon periodic checks" [_thread_blocked, id=11780, stack(0x000000001c7f0000,0x000000001c8f0000)]
  0x000000001b3c7800 JavaThread "Incoming local TCP Connector on port 55935" [_thread_in_native, id=12804, stack(0x000000001c640000,0x000000001c740000)]
  0x000000001b3e7800 JavaThread "Daemon health stats" [_thread_blocked, id=15816, stack(0x000000001c540000,0x000000001c640000)]
  0x000000001917a800 JavaThread "Service Thread" daemon [_thread_blocked, id=6220, stack(0x00000000199a0000,0x0000000019aa0000)]
  0x00000000190f0000 JavaThread "C1 CompilerThread2" daemon [_thread_in_vm, id=16164, stack(0x00000000198a0000,0x00000000199a0000)]
=>0x00000000190ef000 JavaThread "C2 CompilerThread1" daemon [_thread_in_native, id=10052, stack(0x00000000197a0000,0x00000000198a0000)]
  0x0000000017723800 JavaThread "C2 CompilerThread0" daemon [_thread_in_vm, id=1936, stack(0x00000000196a0000,0x00000000197a0000)]
  0x00000000190eb800 JavaThread "Attach Listener" daemon [_thread_blocked, id=8536, stack(0x00000000195a0000,0x00000000196a0000)]
  0x000000001770b800 JavaThread "Signal Dispatcher" daemon [_thread_blocked, id=10212, stack(0x00000000194a0000,0x00000000195a0000)]
  0x00000000028ad800 JavaThread "Finalizer" daemon [_thread_blocked, id=14324, stack(0x0000000018fa0000,0x00000000190a0000)]
  0x00000000028a5800 JavaThread "Reference Handler" daemon [_thread_blocked, id=8248, stack(0x0000000018ea0000,0x0000000018fa0000)]
  0x00000000027ae000 JavaThread "main" [_thread_blocked, id=6460, stack(0x00000000025d0000,0x00000000026d0000)]

Other Threads:
  0x00000000176d7000 VMThread [stack: 0x0000000018da0000,0x0000000018ea0000] [id=11052]
  0x000000001917b800 WatcherThread [stack: 0x0000000019aa0000,0x0000000019ba0000] [id=12136]

VM state:not at safepoint (normal execution)

VM Mutex/Monitor currently owned by a thread:  ([mutex/lock_event])
[0x00000000027b02d0] Compile_lock - owner thread: 0x0000000000000000

heap address: 0x0000000080000000, size: 2048 MB, Compressed Oops mode: 32-bit
Narrow klass base: 0x0000000000000000, Narrow klass shift: 3
Compressed class space size: 1073741824 Address: 0x0000000100000000

Heap:
 PSYoungGen      total 457216K, used 291983K [0x00000000d5580000, 0x00000000f9800000, 0x0000000100000000)
  eden space 402432K, 72% used [0x00000000d5580000,0x00000000e72a3da0,0x00000000ede80000)
  from space 54784K, 0% used [0x00000000f6280000,0x00000000f6280000,0x00000000f9800000)
  to   space 54784K, 0% used [0x00000000ede80000,0x00000000ede80000,0x00000000f1400000)
 ParOldGen       total 203264K, used 143268K [0x0000000080000000, 0x000000008c680000, 0x00000000d5580000)
  object space 203264K, 70% used [0x0000000080000000,0x0000000088be9120,0x000000008c680000)
 Metaspace       used 104549K, capacity 110932K, committed 112560K, reserved 1146880K
  class space    used 13936K, capacity 15319K, committed 15792K, reserved 1048576K

Card table byte_map: [0x0000000011c70000,0x0000000012080000] byte_map_base: 0x0000000011870000

Marking Bits: (ParMarkBitMap*) 0x000000006ee8f030
 Begin Bits: [0x0000000012930000, 0x0000000014930000)
 End Bits:   [0x0000000014930000, 0x0000000016930000)

Polling page: 0x00000000009f0000

CodeCache: size=245760Kb used=47264Kb max_used=47289Kb free=198495Kb
 bounds [0x00000000028b0000, 0x0000000005740000, 0x00000000118b0000]
 total_blobs=16341 nmethods=15426 adapters=824
 compilation: enabled

Compilation events (10 events):
Event: 25.792 Thread 0x00000000190f0000 nmethod 18386 0x0000000003af2150 code [0x0000000003af22c0, 0x0000000003af24f8]
Event: 25.792 Thread 0x00000000190f0000 18387       2       com.android.tools.r8.s.a.a.b.N0::<init> (23 bytes)
Event: 25.792 Thread 0x00000000190f0000 nmethod 18387 0x0000000003af1d90 code [0x0000000003af1ee0, 0x0000000003af2090]
Event: 25.792 Thread 0x00000000190f0000 18402       2       com.android.tools.r8.ir.analysis.type.f::hashCode (25 bytes)
Event: 25.793 Thread 0x00000000190f0000 nmethod 18402 0x00000000052ab8d0 code [0x00000000052aba40, 0x00000000052abd28]
Event: 25.793 Thread 0x00000000190f0000 18438       2       com.android.tools.r8.ir.regalloc.j::e (114 bytes)
Event: 25.793 Thread 0x00000000190f0000 nmethod 18438 0x00000000052aaf10 code [0x00000000052ab0e0, 0x00000000052ab538]
Event: 25.793 Thread 0x00000000190f0000 18439       2       com.android.tools.r8.ir.regalloc.b::g (37 bytes)
Event: 25.793 Thread 0x00000000190f0000 nmethod 18439 0x0000000003af1a50 code [0x0000000003af1ba0, 0x0000000003af1cf0]
Event: 25.793 Thread 0x00000000190f0000 18398       2       com.android.tools.r8.u.b.r::g (39 bytes)

GC Heap History (10 events):
Event: 9.448 GC heap before
{Heap before GC invocations=13 (full 3):
 PSYoungGen      total 366080K, used 366064K [0x00000000d5580000, 0x00000000f3880000, 0x0000000100000000)
  eden space 339968K, 100% used [0x00000000d5580000,0x00000000ea180000,0x00000000ea180000)
  from space 26112K, 99% used [0x00000000ea180000,0x00000000ebafc020,0x00000000ebb00000)
  to   space 37376K, 0% used [0x00000000f1400000,0x00000000f1400000,0x00000000f3880000)
 ParOldGen       total 203264K, used 55454K [0x0000000080000000, 0x000000008c680000, 0x00000000d5580000)
  object space 203264K, 27% used [0x0000000080000000,0x0000000083627bd8,0x000000008c680000)
 Metaspace       used 76248K, capacity 81758K, committed 81840K, reserved 1120256K
  class space    used 10436K, capacity 11632K, committed 11696K, reserved 1048576K
Event: 9.479 GC heap after
Heap after GC invocations=13 (full 3):
 PSYoungGen      total 439808K, used 37352K [0x00000000d5580000, 0x00000000f5980000, 0x0000000100000000)
  eden space 402432K, 0% used [0x00000000d5580000,0x00000000d5580000,0x00000000ede80000)
  from space 37376K, 99% used [0x00000000f1400000,0x00000000f387a060,0x00000000f3880000)
  to   space 54784K, 0% used [0x00000000ede80000,0x00000000ede80000,0x00000000f1400000)
 ParOldGen       total 203264K, used 87144K [0x0000000080000000, 0x000000008c680000, 0x00000000d5580000)
  object space 203264K, 42% used [0x0000000080000000,0x000000008551a3c8,0x000000008c680000)
 Metaspace       used 76248K, capacity 81758K, committed 81840K, reserved 1120256K
  class space    used 10436K, capacity 11632K, committed 11696K, reserved 1048576K
}
Event: 22.488 GC heap before
{Heap before GC invocations=14 (full 3):
 PSYoungGen      total 439808K, used 439784K [0x00000000d5580000, 0x00000000f5980000, 0x0000000100000000)
  eden space 402432K, 100% used [0x00000000d5580000,0x00000000ede80000,0x00000000ede80000)
  from space 37376K, 99% used [0x00000000f1400000,0x00000000f387a060,0x00000000f3880000)
  to   space 54784K, 0% used [0x00000000ede80000,0x00000000ede80000,0x00000000f1400000)
 ParOldGen       total 203264K, used 87144K [0x0000000080000000, 0x000000008c680000, 0x00000000d5580000)
  object space 203264K, 42% used [0x0000000080000000,0x000000008551a3c8,0x000000008c680000)
 Metaspace       used 86684K, capacity 92566K, committed 92720K, reserved 1128448K
  class space    used 11730K, capacity 13022K, committed 13104K, reserved 1048576K
Event: 22.527 GC heap after
Heap after GC invocations=14 (full 3):
 PSYoungGen      total 457216K, used 31605K [0x00000000d5580000, 0x00000000f9800000, 0x0000000100000000)
  eden space 402432K, 0% used [0x00000000d5580000,0x00000000d5580000,0x00000000ede80000)
  from space 54784K, 57% used [0x00000000ede80000,0x00000000efd5d6b8,0x00000000f1400000)
  to   space 54784K, 0% used [0x00000000f6280000,0x00000000f6280000,0x00000000f9800000)
 ParOldGen       total 203264K, used 124371K [0x0000000080000000, 0x000000008c680000, 0x00000000d5580000)
  object space 203264K, 61% used [0x0000000080000000,0x0000000087974f98,0x000000008c680000)
 Metaspace       used 86684K, capacity 92566K, committed 92720K, reserved 1128448K
  class space    used 11730K, capacity 13022K, committed 13104K, reserved 1048576K
}
Event: 23.094 GC heap before
{Heap before GC invocations=15 (full 3):
 PSYoungGen      total 457216K, used 140855K [0x00000000d5580000, 0x00000000f9800000, 0x0000000100000000)
  eden space 402432K, 27% used [0x00000000d5580000,0x00000000dc030830,0x00000000ede80000)
  from space 54784K, 57% used [0x00000000ede80000,0x00000000efd5d6b8,0x00000000f1400000)
  to   space 54784K, 0% used [0x00000000f6280000,0x00000000f6280000,0x00000000f9800000)
 ParOldGen       total 203264K, used 124371K [0x0000000080000000, 0x000000008c680000, 0x00000000d5580000)
  object space 203264K, 61% used [0x0000000080000000,0x0000000087974f98,0x000000008c680000)
 Metaspace       used 92423K, capacity 98392K, committed 98600K, reserved 1134592K
  class space    used 12388K, capacity 13677K, committed 13744K, reserved 1048576K
Event: 23.134 GC heap after
Heap after GC invocations=15 (full 3):
 PSYoungGen      total 457216K, used 54783K [0x00000000d5580000, 0x00000000f9800000, 0x0000000100000000)
  eden space 402432K, 0% used [0x00000000d5580000,0x00000000d5580000,0x00000000ede80000)
  from space 54784K, 99% used [0x00000000f6280000,0x00000000f97ffd40,0x00000000f9800000)
  to   space 54784K, 0% used [0x00000000ede80000,0x00000000ede80000,0x00000000f1400000)
 ParOldGen       total 203264K, used 152046K [0x0000000080000000, 0x000000008c680000, 0x00000000d5580000)
  object space 203264K, 74% used [0x0000000080000000,0x000000008947bb58,0x000000008c680000)
 Metaspace       used 92423K, capacity 98392K, committed 98600K, reserved 1134592K
  class space    used 12388K, capacity 13677K, committed 13744K, reserved 1048576K
}
Event: 23.134 GC heap before
{Heap before GC invocations=16 (full 4):
 PSYoungGen      total 457216K, used 54783K [0x00000000d5580000, 0x00000000f9800000, 0x0000000100000000)
  eden space 402432K, 0% used [0x00000000d5580000,0x00000000d5580000,0x00000000ede80000)
  from space 54784K, 99% used [0x00000000f6280000,0x00000000f97ffd40,0x00000000f9800000)
  to   space 54784K, 0% used [0x00000000ede80000,0x00000000ede80000,0x00000000f1400000)
 ParOldGen       total 203264K, used 152046K [0x0000000080000000, 0x000000008c680000, 0x00000000d5580000)
  object space 203264K, 74% used [0x0000000080000000,0x000000008947bb58,0x000000008c680000)
 Metaspace       used 92423K, capacity 98392K, committed 98600K, reserved 1134592K
  class space    used 12388K, capacity 13677K, committed 13744K, reserved 1048576K
Event: 23.458 GC heap after
Heap after GC invocations=16 (full 4):
 PSYoungGen      total 457216K, used 0K [0x00000000d5580000, 0x00000000f9800000, 0x0000000100000000)
  eden space 402432K, 0% used [0x00000000d5580000,0x00000000d5580000,0x00000000ede80000)
  from space 54784K, 0% used [0x00000000f6280000,0x00000000f6280000,0x00000000f9800000)
  to   space 54784K, 0% used [0x00000000ede80000,0x00000000ede80000,0x00000000f1400000)
 ParOldGen       total 203264K, used 193868K [0x0000000080000000, 0x000000008c680000, 0x00000000d5580000)
  object space 203264K, 95% used [0x0000000080000000,0x000000008bd53130,0x000000008c680000)
 Metaspace       used 92171K, capacity 97668K, committed 98600K, reserved 1134592K
  class space    used 12307K, capacity 13533K, committed 13744K, reserved 1048576K
}
Event: 25.082 GC heap before
{Heap before GC invocations=17 (full 5):
 PSYoungGen      total 457216K, used 402432K [0x00000000d5580000, 0x00000000f9800000, 0x0000000100000000)
  eden space 402432K, 100% used [0x00000000d5580000,0x00000000ede80000,0x00000000ede80000)
  from space 54784K, 0% used [0x00000000f6280000,0x00000000f6280000,0x00000000f9800000)
  to   space 54784K, 0% used [0x00000000ede80000,0x00000000ede80000,0x00000000f1400000)
 ParOldGen       total 203264K, used 193868K [0x0000000080000000, 0x000000008c680000, 0x00000000d5580000)
  object space 203264K, 95% used [0x0000000080000000,0x000000008bd53130,0x000000008c680000)
 Metaspace       used 104702K, capacity 111902K, committed 112048K, reserved 1144832K
  class space    used 14144K, capacity 15718K, committed 15792K, reserved 1048576K
Event: 25.275 GC heap after
Heap after GC invocations=17 (full 5):
 PSYoungGen      total 457216K, used 0K [0x00000000d5580000, 0x00000000f9800000, 0x0000000100000000)
  eden space 402432K, 0% used [0x00000000d5580000,0x00000000d5580000,0x00000000ede80000)
  from space 54784K, 0% used [0x00000000f6280000,0x00000000f6280000,0x00000000f9800000)
  to   space 54784K, 0% used [0x00000000ede80000,0x00000000ede80000,0x00000000f1400000)
 ParOldGen       total 203264K, used 143268K [0x0000000080000000, 0x000000008c680000, 0x00000000d5580000)
  object space 203264K, 70% used [0x0000000080000000,0x0000000088be9120,0x000000008c680000)
 Metaspace       used 103950K, capacity 110092K, committed 112048K, reserved 1144832K
  class space    used 13875K, capacity 15235K, committed 15792K, reserved 1048576K
}

Deoptimization events (10 events):
Event: 25.504 Thread 0x00000000206f6800 Uncommon trap: reason=unstable_if action=reinterpret pc=0x0000000004872644 method=com.android.tools.r8.graph.e0.a(C)I @ 16
Event: 25.504 Thread 0x00000000206f6800 Uncommon trap: reason=unstable_if action=reinterpret pc=0x00000000035066d4 method=com.android.tools.r8.graph.e0.a(C[BI)I @ 27
Event: 25.504 Thread 0x00000000206f6800 Uncommon trap: reason=unstable_if action=reinterpret pc=0x0000000003a664ec method=com.android.tools.r8.graph.e0.a(C)I @ 16
Event: 25.505 Thread 0x00000000206f6800 Uncommon trap: reason=unstable_if action=reinterpret pc=0x0000000004db2abc method=com.android.tools.r8.graph.e0.a([C)I @ 44
Event: 25.512 Thread 0x00000000206f6800 Uncommon trap: reason=unstable_if action=reinterpret pc=0x0000000002b9a5c4 method=com.android.tools.r8.B.a.a.f.a(II[C)Ljava/lang/String; @ 59
Event: 25.545 Thread 0x00000000206fc800 Uncommon trap: reason=unstable_if action=reinterpret pc=0x000000000412cb10 method=java.util.ArrayDeque.addFirst(Ljava/lang/Object;)V @ 45
Event: 25.619 Thread 0x0000000022757800 Uncommon trap: reason=unstable_if action=reinterpret pc=0x0000000003e8a6b4 method=com.android.tools.r8.utils.P.d(Ljava/lang/String;)[Ljava/lang/String; @ 148
Event: 25.703 Thread 0x00000000206fa000 Uncommon trap: reason=unstable_if action=reinterpret pc=0x000000000347cf64 method=java.util.HashMap.getNode(ILjava/lang/Object;)Ljava/util/HashMap$Node; @ 84
Event: 25.703 Thread 0x00000000206fa000 Uncommon trap: reason=unstable_if action=reinterpret pc=0x00000000031cf014 method=java.util.HashMap.putVal(ILjava/lang/Object;Ljava/lang/Object;ZZ)Ljava/lang/Object; @ 109
Event: 25.703 Thread 0x00000000206fa000 Uncommon trap: reason=unstable_if action=reinterpret pc=0x0000000003377f34 method=java.util.HashMap.getNode(ILjava/lang/Object;)Ljava/util/HashMap$Node; @ 84

Classes redefined (0 events):
No events

Internal exceptions (10 events):
Event: 25.532 Thread 0x000000001b6d3000 Exception <a 'sun/nio/fs/WindowsException'> (0x00000000d9d48e78) thrown at [C:\src\AOSP-openjdk-git\hotspot\src\share\vm\prims\jni.cpp, line 710]
Event: 25.560 Thread 0x00000000206f6800 Exception <a 'sun/nio/fs/WindowsException'> (0x00000000dba9e7b8) thrown at [C:\src\AOSP-openjdk-git\hotspot\src\share\vm\prims\jni.cpp, line 710]
Event: 25.561 Thread 0x00000000206fa000 Exception <a 'sun/nio/fs/WindowsException'> (0x00000000daab2d50) thrown at [C:\src\AOSP-openjdk-git\hotspot\src\share\vm\prims\jni.cpp, line 710]
Event: 25.611 Thread 0x000000001b6d3000 Exception <a 'sun/nio/fs/WindowsException'> (0x00000000dd242048) thrown at [C:\src\AOSP-openjdk-git\hotspot\src\share\vm\prims\jni.cpp, line 710]
Event: 25.617 Thread 0x0000000022757800 Exception <a 'sun/nio/fs/WindowsException'> (0x00000000dd82d768) thrown at [C:\src\AOSP-openjdk-git\hotspot\src\share\vm\prims\jni.cpp, line 710]
Event: 25.653 Thread 0x00000000206f6800 Exception <a 'sun/nio/fs/WindowsException'> (0x00000000ded969a0) thrown at [C:\src\AOSP-openjdk-git\hotspot\src\share\vm\prims\jni.cpp, line 710]
Event: 25.692 Thread 0x00000000206fa000 Exception <a 'sun/nio/fs/WindowsException'> (0x00000000dc1cbc08) thrown at [C:\src\AOSP-openjdk-git\hotspot\src\share\vm\prims\jni.cpp, line 710]
Event: 25.721 Thread 0x00000000206fc800 Exception <a 'sun/nio/fs/WindowsException'> (0x00000000e267b2c0) thrown at [C:\src\AOSP-openjdk-git\hotspot\src\share\vm\prims\jni.cpp, line 710]
Event: 25.756 Thread 0x000000001b6d3000 Exception <a 'sun/nio/fs/WindowsException'> (0x00000000e4383428) thrown at [C:\src\AOSP-openjdk-git\hotspot\src\share\vm\prims\jni.cpp, line 710]
Event: 25.759 Thread 0x00000000206fa000 Exception <a 'sun/nio/fs/WindowsException'> (0x00000000e3ecc370) thrown at [C:\src\AOSP-openjdk-git\hotspot\src\share\vm\prims\jni.cpp, line 710]

Events (10 events):
Event: 25.726 Thread 0x00000000190f0000 flushing nmethod 0x00000000052c1250
Event: 25.726 Thread 0x00000000190f0000 flushing nmethod 0x00000000052c1a90
Event: 25.726 Thread 0x00000000190f0000 flushing nmethod 0x00000000052c1fd0
Event: 25.726 Thread 0x00000000190f0000 flushing nmethod 0x00000000052c4790
Event: 25.726 Thread 0x00000000190f0000 flushing nmethod 0x00000000052c4e50
Event: 25.726 Thread 0x00000000190f0000 flushing nmethod 0x00000000052c8f50
Event: 25.731 Executing VM operation: RevokeBias
Event: 25.733 Executing VM operation: RevokeBias done
Event: 25.779 loading class com/android/tools/r8/v/a/a/a/f/r0
Event: 25.779 loading class com/android/tools/r8/v/a/a/a/f/r0 done


Dynamic libraries:
0x00007ff607440000 - 0x00007ff607471000 	D:\Android\IDE\jre\bin\java.exe
0x00007ffe192b0000 - 0x00007ffe194a5000 	C:\WINDOWS\SYSTEM32\ntdll.dll
0x00007ffe17d30000 - 0x00007ffe17ded000 	C:\WINDOWS\System32\KERNEL32.DLL
0x00007ffe17040000 - 0x00007ffe17309000 	C:\WINDOWS\System32\KERNELBASE.dll
0x00007ffe18180000 - 0x00007ffe1822c000 	C:\WINDOWS\System32\ADVAPI32.dll
0x00007ffe186d0000 - 0x00007ffe1876e000 	C:\WINDOWS\System32\msvcrt.dll
0x00007ffe17df0000 - 0x00007ffe17e8c000 	C:\WINDOWS\System32\sechost.dll
0x00007ffe17430000 - 0x00007ffe1755b000 	C:\WINDOWS\System32\RPCRT4.dll
0x00007ffe18770000 - 0x00007ffe18910000 	C:\WINDOWS\System32\USER32.dll
0x00007ffe16da0000 - 0x00007ffe16dc2000 	C:\WINDOWS\System32\win32u.dll
0x00007ffe17e90000 - 0x00007ffe17eba000 	C:\WINDOWS\System32\GDI32.dll
0x00007ffe16ed0000 - 0x00007ffe16fdb000 	C:\WINDOWS\System32\gdi32full.dll
0x00007ffe16d00000 - 0x00007ffe16d9d000 	C:\WINDOWS\System32\msvcp_win.dll
0x00007ffe16c00000 - 0x00007ffe16d00000 	C:\WINDOWS\System32\ucrtbase.dll
0x00007ffe0a620000 - 0x00007ffe0a8ba000 	C:\WINDOWS\WinSxS\amd64_microsoft.windows.common-controls_6595b64144ccf1df_6.0.19041.844_none_ca00b6081b84eb1d\COMCTL32.dll
0x00007ffe17ec0000 - 0x00007ffe17ef0000 	C:\WINDOWS\System32\IMM32.DLL
0x000000006e3b0000 - 0x000000006e482000 	D:\Android\IDE\jre\jre\bin\msvcr100.dll
0x000000006e6c0000 - 0x000000006ef0b000 	D:\Android\IDE\jre\jre\bin\server\jvm.dll
0x00007ffe17f50000 - 0x00007ffe17f58000 	C:\WINDOWS\System32\PSAPI.DLL
0x00007ffe10780000 - 0x00007ffe1078a000 	C:\WINDOWS\SYSTEM32\VERSION.dll
0x00007ffe10f70000 - 0x00007ffe10f79000 	C:\WINDOWS\SYSTEM32\WSOCK32.dll
0x00007ffe0ce60000 - 0x00007ffe0ce87000 	C:\WINDOWS\SYSTEM32\WINMM.dll
0x00007ffe18490000 - 0x00007ffe184fb000 	C:\WINDOWS\System32\WS2_32.dll
0x00007ffe0fd80000 - 0x00007ffe0fd8f000 	D:\Android\IDE\jre\jre\bin\verify.dll
0x00007ffe0cc30000 - 0x00007ffe0cc59000 	D:\Android\IDE\jre\jre\bin\java.dll
0x00007ffe0acb0000 - 0x00007ffe0acc6000 	D:\Android\IDE\jre\jre\bin\zip.dll
0x00007ffe189f0000 - 0x00007ffe19132000 	C:\WINDOWS\System32\SHELL32.dll
0x00007ffe14b70000 - 0x00007ffe15300000 	C:\WINDOWS\SYSTEM32\windows.storage.dll
0x00007ffe179d0000 - 0x00007ffe17d25000 	C:\WINDOWS\System32\combase.dll
0x00007ffe16460000 - 0x00007ffe1648c000 	C:\WINDOWS\SYSTEM32\Wldp.dll
0x00007ffe18240000 - 0x00007ffe182ee000 	C:\WINDOWS\System32\SHCORE.dll
0x00007ffe18120000 - 0x00007ffe18175000 	C:\WINDOWS\System32\shlwapi.dll
0x00007ffe16930000 - 0x00007ffe1694f000 	C:\WINDOWS\SYSTEM32\profapi.dll
0x00007ffe0ac90000 - 0x00007ffe0acaa000 	D:\Android\IDE\jre\jre\bin\net.dll
0x00007ffe161e0000 - 0x00007ffe1624a000 	C:\WINDOWS\system32\mswsock.dll
0x00007ffe067c0000 - 0x00007ffe067d3000 	D:\Android\IDE\jre\jre\bin\nio.dll
0x00007ffdef6f0000 - 0x00007ffdef716000 	C:\Users\NING MEI\.gradle\native\31\windows-amd64\native-platform.dll
0x00007ffe0cef0000 - 0x00007ffe0cefd000 	D:\Android\IDE\jre\jre\bin\management.dll
0x00007ffe163b0000 - 0x00007ffe163c8000 	C:\WINDOWS\SYSTEM32\CRYPTSP.dll
0x00007ffe15b10000 - 0x00007ffe15b44000 	C:\WINDOWS\system32\rsaenh.dll
0x00007ffe16e20000 - 0x00007ffe16e47000 	C:\WINDOWS\System32\bcrypt.dll
0x00007ffe168b0000 - 0x00007ffe168de000 	C:\WINDOWS\SYSTEM32\USERENV.dll
0x00007ffe16e50000 - 0x00007ffe16ed0000 	C:\WINDOWS\System32\bcryptprimitives.dll
0x00007ffe163d0000 - 0x00007ffe163dc000 	C:\WINDOWS\SYSTEM32\CRYPTBASE.dll
0x00007ffe15e80000 - 0x00007ffe15ebb000 	C:\WINDOWS\SYSTEM32\IPHLPAPI.DLL
0x00007ffe18230000 - 0x00007ffe18238000 	C:\WINDOWS\System32\NSI.dll
0x00007ffe0f630000 - 0x00007ffe0f647000 	C:\WINDOWS\SYSTEM32\dhcpcsvc6.DLL
0x00007ffe107b0000 - 0x00007ffe107cd000 	C:\WINDOWS\SYSTEM32\dhcpcsvc.DLL
0x00007ffe15ec0000 - 0x00007ffe15f8b000 	C:\WINDOWS\SYSTEM32\DNSAPI.dll
0x00007ffdfeaa0000 - 0x00007ffdfeabe000 	C:\Users\NING MEI\AppData\Local\Temp\native-platform2706806683166513811dir\native-platform.dll

VM Arguments:
jvm_args: -Xmx2048m -Dfile.encoding=GBK -Duser.country=CN -Duser.language=zh -Duser.variant 
java_command: org.gradle.launcher.daemon.bootstrap.GradleDaemon 6.1.1
java_class_path (initial): C:\Users\NING MEI\.gradle\wrapper\dists\gradle-6.1.1-all\cfmwm155h49vnt3hynmlrsdst\gradle-6.1.1\lib\gradle-launcher-6.1.1.jar
Launcher Type: SUN_STANDARD

Environment Variables:
JAVA_HOME=D:\Android\JDK\jdk1.8.0_121
CLASSPATH=D:\Android\JDK\jdk1.8.0_121\lib\rt.jar;D:\Android\JDK\jdk1.8.0_121\lib\tools.jar
PATH=D:\Python\;D:\Python\Scripts;C:\WINDOWS\system32;C:\WINDOWS;C:\WINDOWS\System32\Wbem;C:\WINDOWS\System32\WindowsPowerShell\v1.0\;C:\WINDOWS\System32\OpenSSH\;C:\Program Files (x86)\Common Files\microsoft shared\TigerKin;D:\Android\Git\cmd;D:\JAVA\gradle-6.3\bin;D:\JAVA\maven\apache-maven-3.6.3\bin;C:\Program Files\MySQL\MySQL Server 8.0\bin;D:\NodeJs\;D:\Android\JDK\jdk1.8.0_121\bin;D:\Android\JDK\jdk1.8.0_121\jre\bin;D:\Android\SDK\platform-tools;D:\Android\SDK\emulator;D:\Android\SDK\tools;D:\Android\SDK\tools\bin;D:\Flutter\flutter\bin;D:\Python\Scripts\;D:\Python\;C:\Users\NING MEI\AppData\Local\Microsoft\WindowsApps;D:\Android\Git\cmd;C:\Users\NING MEI\AppData\Roaming\npm;D:\Android\SDK\platform-tools;D:\Android\SDK\emulator;D:\Android\SDK\tools;D:\Android\SDK\tools\bin;D:\VSCode\bin;D:\Flutter\flutter\bin;
USERNAME=Zhangzhenguo
OS=Windows_NT
PROCESSOR_IDENTIFIER=Intel64 Family 6 Model 158 Stepping 10, GenuineIntel



---------------  S Y S T E M  ---------------

OS: Windows 10.0 , 64 bit Build 19041 (10.0.19041.804)

CPU:total 6 (initial active 6) (6 cores per cpu, 1 threads per core) family 6 model 158 stepping 10, cmov, cx8, fxsr, mmx, sse, sse2, sse3, ssse3, sse4.1, sse4.2, popcnt, avx, avx2, aes, clmul, erms, 3dnowpref, lzcnt, tsc, tscinvbit, bmi1, bmi2, adx

Memory: 4k page, physical 16710712k(4105792k free), swap 16710712k(5464k free)

vm_info: OpenJDK 64-Bit Server VM (25.242-b01) for windows-amd64 JRE (1.8.0_242-release-1644-b01), built by "builder" with MS VC++ 10.0 (VS2010)

time: Wed Mar 17 16:59:21 2021
timezone: 中国标准时间
elapsed time: 25 seconds (0d 0h 0m 25s)

