#
# There is insufficient memory for the Java Runtime Environment to continue.
# Native memory allocation (malloc) failed to allocate 762896 bytes for Chunk::new
# Possible reasons:
#   The system is out of physical RAM or swap space
#   The process is running with CompressedOops enabled, and the Java Heap may be blocking the growth of the native heap
# Possible solutions:
#   Reduce memory load on the system
#   Increase physical memory or swap space
#   Check if swap backing store is full
#   Decrease Java heap size (-Xmx/-Xms)
#   Decrease number of Java threads
#   Decrease Java thread stack sizes (-Xss)
#   Set larger code cache with -XX:ReservedCodeCacheSize=
#   JVM is running with Unscaled Compressed Oops mode in which the Java heap is
#     placed in the first 4GB address space. The Java Heap base address is the
#     maximum limit for the native heap growth. Please use -XX:HeapBaseMinAddress
#     to set the Java Heap base and to place the Java Heap above 4GB virtual address.
# This output file may be truncated or incomplete.
#
#  Out of Memory Error (allocation.cpp:389), pid=13720, tid=0x0000000000000a9c
#
# JRE version: OpenJDK Runtime Environment (8.0_242-b01) (build 1.8.0_242-release-1644-b01)
# Java VM: OpenJDK 64-Bit Server VM (25.242-b01 mixed mode windows-amd64 compressed oops)
# Failed to write core dump. Minidumps are not enabled by default on client versions of Windows
#

---------------  T H R E A D  ---------------

Current thread (0x0000000018102800):  JavaThread "C2 CompilerThread0" daemon [_thread_in_native, id=2716, stack(0x000000001a060000,0x000000001a160000)]

Stack: [0x000000001a060000,0x000000001a160000]
[error occurred during error reporting (printing stack bounds), id 0xc0000005]

Native frames: (J=compiled Java code, j=interpreted, Vv=VM code, C=native code)


Current CompileTask:
C2:  11796 17294       4       com.android.tools.r8.ir.optimize.l::m (763 bytes)


---------------  P R O C E S S  ---------------

Java Threads: ( => current thread )
  0x000000001e8be800 JavaThread "Cache worker for execution history cache (D:\AndroidStudioProjects\AndroidJetpackDemo\.gradle\6.1.1\executionHistory)" [_thread_blocked, id=7064, stack(0x0000000027ae0000,0x0000000027be0000)]
  0x000000001e8bd800 JavaThread "Execution worker for ':' Thread 5" [_thread_in_Java, id=2964, stack(0x00000000277e0000,0x00000000278e0000)]
  0x000000001e8bd000 JavaThread "Execution worker for ':' Thread 4" [_thread_in_Java, id=6980, stack(0x00000000276e0000,0x00000000277e0000)]
  0x000000001e8bc000 JavaThread "Execution worker for ':' Thread 3" [_thread_in_Java, id=5312, stack(0x00000000275e0000,0x00000000276e0000)]
  0x000000001e8bf000 JavaThread "Execution worker for ':' Thread 2" [_thread_in_Java, id=16284, stack(0x00000000274e0000,0x00000000275e0000)]
  0x000000001e8bb800 JavaThread "Execution worker for ':'" [_thread_in_Java, id=3712, stack(0x0000000024870000,0x0000000024970000)]
  0x000000001e8c0000 JavaThread "Cache worker for file content cache (D:\AndroidStudioProjects\AndroidJetpackDemo\.gradle\6.1.1\fileContent)" [_thread_blocked, id=16148, stack(0x0000000026fe0000,0x00000000270e0000)]
  0x000000001e8ba800 JavaThread "Cache worker for file content cache (C:\Users\NING MEI\.gradle\caches\6.1.1\fileContent)" [_thread_blocked, id=7352, stack(0x0000000026ee0000,0x0000000026fe0000)]
  0x000000001e8ba000 JavaThread "Memory manager" [_thread_blocked, id=10080, stack(0x0000000026de0000,0x0000000026ee0000)]
  0x000000001e8b1800 JavaThread "Cache worker for Build Output Cleanup Cache (D:\AndroidStudioProjects\AndroidJetpackDemo\.gradle\buildOutputCleanup)" [_thread_blocked, id=13244, stack(0x0000000023f30000,0x0000000024030000)]
  0x000000001e8b6000 JavaThread "Build operations Thread 6" [_thread_blocked, id=7608, stack(0x0000000023e30000,0x0000000023f30000)]
  0x000000001e8b5800 JavaThread "Build operations Thread 5" [_thread_blocked, id=15204, stack(0x0000000023d30000,0x0000000023e30000)]
  0x000000001e8b4800 JavaThread "Build operations Thread 4" [_thread_blocked, id=14660, stack(0x0000000023c30000,0x0000000023d30000)]
  0x000000001e8b7000 JavaThread "Build operations Thread 3" [_thread_blocked, id=10484, stack(0x0000000023b30000,0x0000000023c30000)]
  0x000000001e8b7800 JavaThread "Build operations Thread 2" [_thread_blocked, id=15640, stack(0x00000000237c0000,0x00000000238c0000)]
  0x000000001e8b4000 JavaThread "Build operations" [_thread_blocked, id=13872, stack(0x00000000236c0000,0x00000000237c0000)]
  0x000000001c263000 JavaThread "Cache worker for execution history cache (C:\Users\NING MEI\.gradle\caches\6.1.1\executionHistory)" [_thread_blocked, id=15968, stack(0x0000000021bf0000,0x0000000021cf0000)]
  0x000000001c262000 JavaThread "Cache worker for cache directory md-rule (C:\Users\NING MEI\.gradle\caches\6.1.1\md-rule)" [_thread_blocked, id=5324, stack(0x0000000020a50000,0x0000000020b50000)]
  0x000000001c25d000 JavaThread "Cache worker for cache directory md-supplier (C:\Users\NING MEI\.gradle\caches\6.1.1\md-supplier)" [_thread_blocked, id=5024, stack(0x00000000204a0000,0x00000000205a0000)]
  0x000000001c261800 JavaThread "Cache worker for file hash cache (D:\AndroidStudioProjects\AndroidJetpackDemo\.gradle\6.1.1\fileHashes)" [_thread_blocked, id=13360, stack(0x0000000020750000,0x0000000020850000)]
  0x000000001c260800 JavaThread "Cache worker for checksums cache (D:\AndroidStudioProjects\AndroidJetpackDemo\.gradle\checksums)" [_thread_blocked, id=15796, stack(0x0000000020650000,0x0000000020750000)]
  0x000000001c25e800 JavaThread "Cache worker for file hash cache (C:\Users\NING MEI\.gradle\caches\6.1.1\fileHashes)" [_thread_blocked, id=8052, stack(0x000000001e000000,0x000000001e100000)]
  0x000000001c260000 JavaThread "File lock request listener" [_thread_in_native, id=13776, stack(0x000000001df00000,0x000000001e000000)]
  0x000000001c165000 JavaThread "Cache worker for journal cache (C:\Users\NING MEI\.gradle\caches\journal-1)" [_thread_blocked, id=15092, stack(0x000000001dd00000,0x000000001de00000)]
  0x000000001c10a000 JavaThread "Thread-9" [_thread_blocked, id=2700, stack(0x000000001da00000,0x000000001db00000)]
  0x000000001c109000 JavaThread "Stdin handler" [_thread_blocked, id=13180, stack(0x000000001d900000,0x000000001da00000)]
  0x000000001c108800 JavaThread "Asynchronous log dispatcher for DefaultDaemonConnection: socket connection from /127.0.0.1:56406 to /127.0.0.1:56407" [_thread_blocked, id=6532, stack(0x000000001d800000,0x000000001d900000)]
  0x000000001c103800 JavaThread "Daemon worker" [_thread_blocked, id=9456, stack(0x000000001d700000,0x000000001d800000)]
  0x000000001c0fc800 JavaThread "Cancel handler" [_thread_blocked, id=15156, stack(0x000000001d600000,0x000000001d700000)]
  0x000000001ba3a000 JavaThread "Handler for socket connection from /127.0.0.1:56406 to /127.0.0.1:56407" [_thread_in_native, id=8392, stack(0x000000001d300000,0x000000001d400000)]
  0x000000001ba39800 JavaThread "Daemon" [_thread_blocked, id=10084, stack(0x000000001d200000,0x000000001d300000)]
  0x000000001c0e4000 JavaThread "Daemon periodic checks" [_thread_blocked, id=12864, stack(0x000000001d100000,0x000000001d200000)]
  0x000000001ba36800 JavaThread "Incoming local TCP Connector on port 56406" [_thread_in_native, id=2216, stack(0x000000001d000000,0x000000001d100000)]
  0x000000001b1de000 JavaThread "Daemon health stats" [_thread_blocked, id=6304, stack(0x000000001cf00000,0x000000001d000000)]
  0x0000000019b30800 JavaThread "Service Thread" daemon [_thread_blocked, id=14680, stack(0x000000001a360000,0x000000001a460000)]
  0x0000000019ab3000 JavaThread "C1 CompilerThread2" daemon [_thread_in_vm, id=8964, stack(0x000000001a260000,0x000000001a360000)]
  0x0000000019aaf000 JavaThread "C2 CompilerThread1" daemon [_thread_in_native, id=12924, stack(0x000000001a160000,0x000000001a260000)]
=>0x0000000018102800 JavaThread "C2 CompilerThread0" daemon [_thread_in_native, id=2716, stack(0x000000001a060000,0x000000001a160000)]
  0x00000000180eb000 JavaThread "Attach Listener" daemon [_thread_blocked, id=11160, stack(0x0000000019f60000,0x000000001a060000)]
  0x000000001810e800 JavaThread "Signal Dispatcher" daemon [_thread_blocked, id=11700, stack(0x0000000019e60000,0x0000000019f60000)]
  0x000000000328c800 JavaThread "Finalizer" daemon [_thread_blocked, id=16112, stack(0x0000000019960000,0x0000000019a60000)]
  0x0000000003284000 JavaThread "Reference Handler" daemon [_thread_blocked, id=7684, stack(0x0000000019860000,0x0000000019960000)]
  0x000000000318e000 JavaThread "main" [_thread_blocked, id=6372, stack(0x0000000002fb0000,0x00000000030b0000)]

Other Threads:
  0x00000000180b7800 VMThread [stack: 0x0000000019760000,0x0000000019860000] [id=16372]
  0x0000000019b35000 WatcherThread [stack: 0x000000001a460000,0x000000001a560000] [id=11064]

VM state:not at safepoint (normal execution)

VM Mutex/Monitor currently owned by a thread: None

heap address: 0x0000000080000000, size: 2048 MB, Compressed Oops mode: 32-bit
Narrow klass base: 0x0000000000000000, Narrow klass shift: 3
Compressed class space size: 1073741824 Address: 0x0000000100000000

Heap:
 PSYoungGen      total 628736K, used 556711K [0x00000000d5580000, 0x00000000ff980000, 0x0000000100000000)
  eden space 569344K, 94% used [0x00000000d5580000,0x00000000f637c880,0x00000000f8180000)
  from space 59392K, 30% used [0x00000000fbf80000,0x00000000fd12d768,0x00000000ff980000)
  to   space 61440K, 0% used [0x00000000f8180000,0x00000000f8180000,0x00000000fbd80000)
 ParOldGen       total 207872K, used 157322K [0x0000000080000000, 0x000000008cb00000, 0x00000000d5580000)
  object space 207872K, 75% used [0x0000000080000000,0x00000000899a2898,0x000000008cb00000)
 Metaspace       used 87859K, capacity 95108K, committed 95152K, reserved 1130496K
  class space    used 12006K, capacity 13477K, committed 13488K, reserved 1048576K

Card table byte_map: [0x0000000012650000,0x0000000012a60000] byte_map_base: 0x0000000012250000

Marking Bits: (ParMarkBitMap*) 0x000000006ee8f030
 Begin Bits: [0x0000000013310000, 0x0000000015310000)
 End Bits:   [0x0000000015310000, 0x0000000017310000)

Polling page: 0x0000000001350000

CodeCache: size=245760Kb used=45517Kb max_used=45517Kb free=200242Kb
 bounds [0x0000000003290000, 0x0000000005f40000, 0x0000000012290000]
 total_blobs=15874 nmethods=15038 adapters=747
 compilation: enabled

Compilation events (10 events):
Event: 11.788 Thread 0x0000000019ab3000 17467       2       com.android.tools.r8.code.a2::a (10 bytes)
Event: 11.788 Thread 0x0000000019ab3000 nmethod 17467 0x0000000005f2e450 code [0x0000000005f2e5c0, 0x0000000005f2e768]
Event: 11.788 Thread 0x0000000019ab3000 17468       2       com.android.tools.r8.code.V::a (19 bytes)
Event: 11.788 Thread 0x0000000019ab3000 nmethod 17468 0x0000000005f2e810 code [0x0000000005f2e980, 0x0000000005f2ebe8]
Event: 11.788 Thread 0x0000000019ab3000 17469       1       com.android.tools.r8.code.Z1::m (3 bytes)
Event: 11.788 Thread 0x0000000019ab3000 nmethod 17469 0x0000000005f2ed10 code [0x0000000005f2ee60, 0x0000000005f2ef70]
Event: 11.788 Thread 0x0000000019ab3000 17470       2       com.android.tools.r8.code.J3::a (17 bytes)
Event: 11.788 Thread 0x0000000019ab3000 nmethod 17470 0x0000000005f2efd0 code [0x0000000005f2f140, 0x0000000005f2f2e8]
Event: 11.789 Thread 0x0000000019ab3000 17471       1       com.android.tools.r8.code.f::m (4 bytes)
Event: 11.789 Thread 0x0000000019ab3000 nmethod 17471 0x0000000005f2f390 code [0x0000000005f2f4e0, 0x0000000005f2f5f0]

GC Heap History (10 events):
Event: 9.791 GC heap before
{Heap before GC invocations=15 (full 3):
 PSYoungGen      total 443904K, used 438121K [0x00000000d5580000, 0x00000000fa600000, 0x0000000100000000)
  eden space 389632K, 100% used [0x00000000d5580000,0x00000000ed200000,0x00000000ed200000)
  from space 54272K, 89% used [0x00000000ed200000,0x00000000f015a6a8,0x00000000f0700000)
  to   space 60928K, 0% used [0x00000000f6a80000,0x00000000f6a80000,0x00000000fa600000)
 ParOldGen       total 207872K, used 122067K [0x0000000080000000, 0x000000008cb00000, 0x00000000d5580000)
  object space 207872K, 58% used [0x0000000080000000,0x0000000087734f30,0x000000008cb00000)
 Metaspace       used 86501K, capacity 93714K, committed 93872K, reserved 1130496K
  class space    used 11980K, capacity 13436K, committed 13488K, reserved 1048576K
Event: 9.815 GC heap after
Heap after GC invocations=15 (full 3):
 PSYoungGen      total 542208K, used 43896K [0x00000000d5580000, 0x00000000fb480000, 0x0000000100000000)
  eden space 481280K, 0% used [0x00000000d5580000,0x00000000d5580000,0x00000000f2b80000)
  from space 60928K, 72% used [0x00000000f6a80000,0x00000000f955e328,0x00000000fa600000)
  to   space 64512K, 0% used [0x00000000f2b80000,0x00000000f2b80000,0x00000000f6a80000)
 ParOldGen       total 207872K, used 122075K [0x0000000080000000, 0x000000008cb00000, 0x00000000d5580000)
  object space 207872K, 58% used [0x0000000080000000,0x0000000087736f30,0x000000008cb00000)
 Metaspace       used 86501K, capacity 93714K, committed 93872K, reserved 1130496K
  class space    used 11980K, capacity 13436K, committed 13488K, reserved 1048576K
}
Event: 10.260 GC heap before
{Heap before GC invocations=16 (full 3):
 PSYoungGen      total 542208K, used 525176K [0x00000000d5580000, 0x00000000fb480000, 0x0000000100000000)
  eden space 481280K, 100% used [0x00000000d5580000,0x00000000f2b80000,0x00000000f2b80000)
  from space 60928K, 72% used [0x00000000f6a80000,0x00000000f955e328,0x00000000fa600000)
  to   space 64512K, 0% used [0x00000000f2b80000,0x00000000f2b80000,0x00000000f6a80000)
 ParOldGen       total 207872K, used 122075K [0x0000000080000000, 0x000000008cb00000, 0x00000000d5580000)
  object space 207872K, 58% used [0x0000000080000000,0x0000000087736f30,0x000000008cb00000)
 Metaspace       used 87114K, capacity 94352K, committed 94640K, reserved 1130496K
  class space    used 11992K, capacity 13439K, committed 13488K, reserved 1048576K
Event: 10.284 GC heap after
Heap after GC invocations=16 (full 3):
 PSYoungGen      total 545792K, used 41339K [0x00000000d5580000, 0x0000000100000000, 0x0000000100000000)
  eden space 481280K, 0% used [0x00000000d5580000,0x00000000d5580000,0x00000000f2b80000)
  from space 64512K, 64% used [0x00000000f2b80000,0x00000000f53ded68,0x00000000f6a80000)
  to   space 66048K, 0% used [0x00000000fbf80000,0x00000000fbf80000,0x0000000100000000)
 ParOldGen       total 207872K, used 122075K [0x0000000080000000, 0x000000008cb00000, 0x00000000d5580000)
  object space 207872K, 58% used [0x0000000080000000,0x0000000087736f30,0x000000008cb00000)
 Metaspace       used 87114K, capacity 94352K, committed 94640K, reserved 1130496K
  class space    used 11992K, capacity 13439K, committed 13488K, reserved 1048576K
}
Event: 10.598 GC heap before
{Heap before GC invocations=17 (full 3):
 PSYoungGen      total 545792K, used 522619K [0x00000000d5580000, 0x0000000100000000, 0x0000000100000000)
  eden space 481280K, 100% used [0x00000000d5580000,0x00000000f2b80000,0x00000000f2b80000)
  from space 64512K, 64% used [0x00000000f2b80000,0x00000000f53ded68,0x00000000f6a80000)
  to   space 66048K, 0% used [0x00000000fbf80000,0x00000000fbf80000,0x0000000100000000)
 ParOldGen       total 207872K, used 122075K [0x0000000080000000, 0x000000008cb00000, 0x00000000d5580000)
  object space 207872K, 58% used [0x0000000080000000,0x0000000087736f30,0x000000008cb00000)
 Metaspace       used 87309K, capacity 94578K, committed 94640K, reserved 1130496K
  class space    used 11994K, capacity 13440K, committed 13488K, reserved 1048576K
Event: 10.622 GC heap after
Heap after GC invocations=17 (full 3):
 PSYoungGen      total 633344K, used 10170K [0x00000000d5580000, 0x00000000fff80000, 0x0000000100000000)
  eden space 567808K, 0% used [0x00000000d5580000,0x00000000d5580000,0x00000000f8000000)
  from space 65536K, 15% used [0x00000000fbf80000,0x00000000fc96e9f8,0x00000000fff80000)
  to   space 65024K, 0% used [0x00000000f8000000,0x00000000f8000000,0x00000000fbf80000)
 ParOldGen       total 207872K, used 152834K [0x0000000080000000, 0x000000008cb00000, 0x00000000d5580000)
  object space 207872K, 73% used [0x0000000080000000,0x0000000089540898,0x000000008cb00000)
 Metaspace       used 87309K, capacity 94578K, committed 94640K, reserved 1130496K
  class space    used 11994K, capacity 13440K, committed 13488K, reserved 1048576K
}
Event: 11.007 GC heap before
{Heap before GC invocations=18 (full 3):
 PSYoungGen      total 633344K, used 577978K [0x00000000d5580000, 0x00000000fff80000, 0x0000000100000000)
  eden space 567808K, 100% used [0x00000000d5580000,0x00000000f8000000,0x00000000f8000000)
  from space 65536K, 15% used [0x00000000fbf80000,0x00000000fc96e9f8,0x00000000fff80000)
  to   space 65024K, 0% used [0x00000000f8000000,0x00000000f8000000,0x00000000fbf80000)
 ParOldGen       total 207872K, used 152834K [0x0000000080000000, 0x000000008cb00000, 0x00000000d5580000)
  object space 207872K, 73% used [0x0000000080000000,0x0000000089540898,0x000000008cb00000)
 Metaspace       used 87635K, capacity 94930K, committed 95152K, reserved 1130496K
  class space    used 12001K, capacity 13472K, committed 13488K, reserved 1048576K
Event: 11.015 GC heap after
Heap after GC invocations=18 (full 3):
 PSYoungGen      total 632832K, used 7637K [0x00000000d5580000, 0x00000000ffe80000, 0x0000000100000000)
  eden space 567808K, 0% used [0x00000000d5580000,0x00000000d5580000,0x00000000f8000000)
  from space 65024K, 11% used [0x00000000f8000000,0x00000000f8775688,0x00000000fbf80000)
  to   space 64512K, 0% used [0x00000000fbf80000,0x00000000fbf80000,0x00000000ffe80000)
 ParOldGen       total 207872K, used 155986K [0x0000000080000000, 0x000000008cb00000, 0x00000000d5580000)
  object space 207872K, 75% used [0x0000000080000000,0x0000000089854898,0x000000008cb00000)
 Metaspace       used 87635K, capacity 94930K, committed 95152K, reserved 1130496K
  class space    used 12001K, capacity 13472K, committed 13488K, reserved 1048576K
}
Event: 11.410 GC heap before
{Heap before GC invocations=19 (full 3):
 PSYoungGen      total 632832K, used 575445K [0x00000000d5580000, 0x00000000ffe80000, 0x0000000100000000)
  eden space 567808K, 100% used [0x00000000d5580000,0x00000000f8000000,0x00000000f8000000)
  from space 65024K, 11% used [0x00000000f8000000,0x00000000f8775688,0x00000000fbf80000)
  to   space 64512K, 0% used [0x00000000fbf80000,0x00000000fbf80000,0x00000000ffe80000)
 ParOldGen       total 207872K, used 155986K [0x0000000080000000, 0x000000008cb00000, 0x00000000d5580000)
  object space 207872K, 75% used [0x0000000080000000,0x0000000089854898,0x000000008cb00000)
 Metaspace       used 87807K, capacity 95028K, committed 95152K, reserved 1130496K
  class space    used 12005K, capacity 13475K, committed 13488K, reserved 1048576K
Event: 11.421 GC heap after
Heap after GC invocations=19 (full 3):
 PSYoungGen      total 628736K, used 18101K [0x00000000d5580000, 0x00000000ff980000, 0x0000000100000000)
  eden space 569344K, 0% used [0x00000000d5580000,0x00000000d5580000,0x00000000f8180000)
  from space 59392K, 30% used [0x00000000fbf80000,0x00000000fd12d768,0x00000000ff980000)
  to   space 61440K, 0% used [0x00000000f8180000,0x00000000f8180000,0x00000000fbd80000)
 ParOldGen       total 207872K, used 157322K [0x0000000080000000, 0x000000008cb00000, 0x00000000d5580000)
  object space 207872K, 75% used [0x0000000080000000,0x00000000899a2898,0x000000008cb00000)
 Metaspace       used 87807K, capacity 95028K, committed 95152K, reserved 1130496K
  class space    used 12005K, capacity 13475K, committed 13488K, reserved 1048576K
}

Deoptimization events (10 events):
Event: 11.481 Thread 0x000000001e8bd000 Uncommon trap: reason=bimorphic action=maybe_recompile pc=0x0000000004e928b0 method=java.util.HashMap.removeNode(ILjava/lang/Object;Ljava/lang/Object;ZZ)Ljava/util/HashMap$Node; @ 143
Event: 11.482 Thread 0x000000001e8bb800 Uncommon trap: reason=predicate action=maybe_recompile pc=0x0000000005def838 method=java.util.TimSort.binarySort([Ljava/lang/Object;IIILjava/util/Comparator;)V @ 37
Event: 11.540 Thread 0x000000001e8bb800 Uncommon trap: reason=unstable_if action=reinterpret pc=0x0000000005de46e0 method=com.android.tools.r8.graph.e0.a(C[BI)I @ 7
Event: 11.540 Thread 0x000000001e8bb800 Uncommon trap: reason=unstable_if action=reinterpret pc=0x0000000005deecb0 method=com.android.tools.r8.graph.e0.a(C[BI)I @ 7
Event: 11.677 Thread 0x000000001e8bd000 Uncommon trap: reason=unstable_if action=reinterpret pc=0x0000000003565410 method=com.android.tools.r8.v.a.a.a.f.X$e.contains(Ljava/lang/Object;)Z @ 176
Event: 11.683 Thread 0x000000001e8bf000 Uncommon trap: reason=array_check action=maybe_recompile pc=0x0000000005ed3454 method=java.util.TimSort.binarySort([Ljava/lang/Object;IIILjava/util/Comparator;)V @ 215
Event: 11.683 Thread 0x000000001e8bf000 Uncommon trap: reason=array_check action=maybe_recompile pc=0x0000000005ed35e0 method=java.util.TimSort.binarySort([Ljava/lang/Object;IIILjava/util/Comparator;)V @ 183
Event: 11.683 Thread 0x000000001e8bf000 Uncommon trap: reason=array_check action=maybe_recompile pc=0x0000000005ed3518 method=java.util.TimSort.binarySort([Ljava/lang/Object;IIILjava/util/Comparator;)V @ 193
Event: 11.683 Thread 0x000000001e8bf000 Uncommon trap: reason=array_check action=maybe_recompile pc=0x0000000005ed3518 method=java.util.TimSort.binarySort([Ljava/lang/Object;IIILjava/util/Comparator;)V @ 193
Event: 11.727 Thread 0x000000001e8bd000 Uncommon trap: reason=class_check action=maybe_recompile pc=0x00000000057b6e40 method=com.android.tools.r8.v.a.a.a.f.e.putAll(Ljava/util/Map;)V @ 3

Classes redefined (0 events):
No events

Internal exceptions (10 events):
Event: 11.352 Thread 0x000000001e8bb800 Exception <a 'sun/nio/fs/WindowsException'> (0x00000000f2e50040) thrown at [C:\src\AOSP-openjdk-git\hotspot\src\share\vm\prims\jni.cpp, line 710]
Event: 11.367 Thread 0x000000001e8bd800 Exception <a 'sun/nio/fs/WindowsException'> (0x00000000f49a0500) thrown at [C:\src\AOSP-openjdk-git\hotspot\src\share\vm\prims\jni.cpp, line 710]
Event: 11.394 Thread 0x000000001e8bb800 Exception <a 'sun/nio/fs/WindowsException'> (0x00000000f2ef5950) thrown at [C:\src\AOSP-openjdk-git\hotspot\src\share\vm\prims\jni.cpp, line 710]
Event: 11.435 Thread 0x000000001e8bb800 Exception <a 'sun/nio/fs/WindowsException'> (0x00000000d585bb20) thrown at [C:\src\AOSP-openjdk-git\hotspot\src\share\vm\prims\jni.cpp, line 710]
Event: 11.437 Thread 0x000000001e8bd800 Exception <a 'sun/nio/fs/WindowsException'> (0x00000000d5d02e10) thrown at [C:\src\AOSP-openjdk-git\hotspot\src\share\vm\prims\jni.cpp, line 710]
Event: 11.498 Thread 0x000000001e8bb800 Exception <a 'sun/nio/fs/WindowsException'> (0x00000000d58f9780) thrown at [C:\src\AOSP-openjdk-git\hotspot\src\share\vm\prims\jni.cpp, line 710]
Event: 11.529 Thread 0x000000001e8bb800 Exception <a 'sun/nio/fs/WindowsException'> (0x00000000de9c3650) thrown at [C:\src\AOSP-openjdk-git\hotspot\src\share\vm\prims\jni.cpp, line 710]
Event: 11.540 Thread 0x000000001e8bb800 Exception <a 'sun/nio/fs/WindowsException'> (0x00000000dea59b68) thrown at [C:\src\AOSP-openjdk-git\hotspot\src\share\vm\prims\jni.cpp, line 710]
Event: 11.556 Thread 0x000000001e8bb800 Exception <a 'sun/nio/fs/WindowsException'> (0x00000000e11dd790) thrown at [C:\src\AOSP-openjdk-git\hotspot\src\share\vm\prims\jni.cpp, line 710]
Event: 11.587 Thread 0x000000001e8bb800 Exception <a 'sun/nio/fs/WindowsException'> (0x00000000e25fdb78) thrown at [C:\src\AOSP-openjdk-git\hotspot\src\share\vm\prims\jni.cpp, line 710]

Events (10 events):
Event: 11.784 Thread 0x000000001e8bd800 DEOPT PACKING pc=0x0000000005df0560 sp=0x00000000278d9ba0
Event: 11.784 Thread 0x000000001e8bd800 DEOPT UNPACKING pc=0x00000000032d75d0 sp=0x00000000278d98a0 mode 0
Event: 11.787 Thread 0x000000001e8bd000 DEOPT PACKING pc=0x0000000005442c03 sp=0x00000000277da170
Event: 11.787 Thread 0x000000001e8bd000 DEOPT UNPACKING pc=0x00000000032d75d0 sp=0x00000000277da038 mode 0
Event: 11.787 Thread 0x000000001e8bd800 DEOPT PACKING pc=0x0000000005df0560 sp=0x00000000278d98f0
Event: 11.787 Thread 0x000000001e8bd800 DEOPT UNPACKING pc=0x00000000032d75d0 sp=0x00000000278d95f0 mode 0
Event: 11.791 Thread 0x000000001e8bd800 DEOPT PACKING pc=0x0000000005df0560 sp=0x00000000278d9ba0
Event: 11.791 Thread 0x000000001e8bd800 DEOPT UNPACKING pc=0x00000000032d75d0 sp=0x00000000278d98a0 mode 0
Event: 11.794 Thread 0x000000001e8bb800 DEOPT PACKING pc=0x0000000005442bde sp=0x000000002496a100
Event: 11.794 Thread 0x000000001e8bb800 DEOPT UNPACKING pc=0x00000000032d75d0 sp=0x0000000024969fc8 mode 0


Dynamic libraries:
0x00007ff607440000 - 0x00007ff607471000 	D:\Android\IDE\jre\bin\java.exe
0x00007ffe192b0000 - 0x00007ffe194a5000 	C:\WINDOWS\SYSTEM32\ntdll.dll
0x00007ffe17d30000 - 0x00007ffe17ded000 	C:\WINDOWS\System32\KERNEL32.DLL
0x00007ffe17040000 - 0x00007ffe17309000 	C:\WINDOWS\System32\KERNELBASE.dll
0x00007ffe18180000 - 0x00007ffe1822c000 	C:\WINDOWS\System32\ADVAPI32.dll
0x00007ffe186d0000 - 0x00007ffe1876e000 	C:\WINDOWS\System32\msvcrt.dll
0x00007ffe17df0000 - 0x00007ffe17e8c000 	C:\WINDOWS\System32\sechost.dll
0x00007ffe17430000 - 0x00007ffe1755b000 	C:\WINDOWS\System32\RPCRT4.dll
0x00007ffe18770000 - 0x00007ffe18910000 	C:\WINDOWS\System32\USER32.dll
0x00007ffe16da0000 - 0x00007ffe16dc2000 	C:\WINDOWS\System32\win32u.dll
0x00007ffe17e90000 - 0x00007ffe17eba000 	C:\WINDOWS\System32\GDI32.dll
0x00007ffe16ed0000 - 0x00007ffe16fdb000 	C:\WINDOWS\System32\gdi32full.dll
0x00007ffe16d00000 - 0x00007ffe16d9d000 	C:\WINDOWS\System32\msvcp_win.dll
0x00007ffe16c00000 - 0x00007ffe16d00000 	C:\WINDOWS\System32\ucrtbase.dll
0x00007ffe0a620000 - 0x00007ffe0a8ba000 	C:\WINDOWS\WinSxS\amd64_microsoft.windows.common-controls_6595b64144ccf1df_6.0.19041.844_none_ca00b6081b84eb1d\COMCTL32.dll
0x00007ffe17ec0000 - 0x00007ffe17ef0000 	C:\WINDOWS\System32\IMM32.DLL
0x000000006e3b0000 - 0x000000006e482000 	D:\Android\IDE\jre\jre\bin\msvcr100.dll
0x000000006e6c0000 - 0x000000006ef0b000 	D:\Android\IDE\jre\jre\bin\server\jvm.dll
0x00007ffe17f50000 - 0x00007ffe17f58000 	C:\WINDOWS\System32\PSAPI.DLL
0x00007ffe10f70000 - 0x00007ffe10f79000 	C:\WINDOWS\SYSTEM32\WSOCK32.dll
0x00007ffe0ce60000 - 0x00007ffe0ce87000 	C:\WINDOWS\SYSTEM32\WINMM.dll
0x00007ffe10780000 - 0x00007ffe1078a000 	C:\WINDOWS\SYSTEM32\VERSION.dll
0x00007ffe18490000 - 0x00007ffe184fb000 	C:\WINDOWS\System32\WS2_32.dll
0x00007ffe0fd80000 - 0x00007ffe0fd8f000 	D:\Android\IDE\jre\jre\bin\verify.dll
0x00007ffe0cc30000 - 0x00007ffe0cc59000 	D:\Android\IDE\jre\jre\bin\java.dll
0x00007ffe0acb0000 - 0x00007ffe0acc6000 	D:\Android\IDE\jre\jre\bin\zip.dll
0x00007ffe189f0000 - 0x00007ffe19132000 	C:\WINDOWS\System32\SHELL32.dll
0x00007ffe14b70000 - 0x00007ffe15300000 	C:\WINDOWS\SYSTEM32\windows.storage.dll
0x00007ffe179d0000 - 0x00007ffe17d25000 	C:\WINDOWS\System32\combase.dll
0x00007ffe16460000 - 0x00007ffe1648c000 	C:\WINDOWS\SYSTEM32\Wldp.dll
0x00007ffe18240000 - 0x00007ffe182ee000 	C:\WINDOWS\System32\SHCORE.dll
0x00007ffe18120000 - 0x00007ffe18175000 	C:\WINDOWS\System32\shlwapi.dll
0x00007ffe16930000 - 0x00007ffe1694f000 	C:\WINDOWS\SYSTEM32\profapi.dll
0x00007ffe0ac90000 - 0x00007ffe0acaa000 	D:\Android\IDE\jre\jre\bin\net.dll
0x00007ffe161e0000 - 0x00007ffe1624a000 	C:\WINDOWS\system32\mswsock.dll
0x00007ffe067c0000 - 0x00007ffe067d3000 	D:\Android\IDE\jre\jre\bin\nio.dll
0x00007ffdef6f0000 - 0x00007ffdef716000 	C:\Users\NING MEI\.gradle\native\31\windows-amd64\native-platform.dll
0x00007ffe0cef0000 - 0x00007ffe0cefd000 	D:\Android\IDE\jre\jre\bin\management.dll
0x00007ffe163b0000 - 0x00007ffe163c8000 	C:\WINDOWS\SYSTEM32\CRYPTSP.dll
0x00007ffe15b10000 - 0x00007ffe15b44000 	C:\WINDOWS\system32\rsaenh.dll
0x00007ffe16e20000 - 0x00007ffe16e47000 	C:\WINDOWS\System32\bcrypt.dll
0x00007ffe168b0000 - 0x00007ffe168de000 	C:\WINDOWS\SYSTEM32\USERENV.dll
0x00007ffe16e50000 - 0x00007ffe16ed0000 	C:\WINDOWS\System32\bcryptprimitives.dll
0x00007ffe163d0000 - 0x00007ffe163dc000 	C:\WINDOWS\SYSTEM32\CRYPTBASE.dll
0x00007ffe15e80000 - 0x00007ffe15ebb000 	C:\WINDOWS\SYSTEM32\IPHLPAPI.DLL
0x00007ffe18230000 - 0x00007ffe18238000 	C:\WINDOWS\System32\NSI.dll
0x00007ffe0f630000 - 0x00007ffe0f647000 	C:\WINDOWS\SYSTEM32\dhcpcsvc6.DLL
0x00007ffe107b0000 - 0x00007ffe107cd000 	C:\WINDOWS\SYSTEM32\dhcpcsvc.DLL
0x00007ffe15ec0000 - 0x00007ffe15f8b000 	C:\WINDOWS\SYSTEM32\DNSAPI.dll

VM Arguments:
jvm_args: -Xmx2048m -Dfile.encoding=GBK -Duser.country=CN -Duser.language=zh -Duser.variant 
java_command: org.gradle.launcher.daemon.bootstrap.GradleDaemon 6.1.1
java_class_path (initial): C:\Users\NING MEI\.gradle\wrapper\dists\gradle-6.1.1-all\cfmwm155h49vnt3hynmlrsdst\gradle-6.1.1\lib\gradle-launcher-6.1.1.jar
Launcher Type: SUN_STANDARD

Environment Variables:
JAVA_HOME=D:\Android\JDK\jdk1.8.0_121
CLASSPATH=D:\Android\JDK\jdk1.8.0_121\lib\rt.jar;D:\Android\JDK\jdk1.8.0_121\lib\tools.jar
PATH=D:\Python\;D:\Python\Scripts;C:\WINDOWS\system32;C:\WINDOWS;C:\WINDOWS\System32\Wbem;C:\WINDOWS\System32\WindowsPowerShell\v1.0\;C:\WINDOWS\System32\OpenSSH\;C:\Program Files (x86)\Common Files\microsoft shared\TigerKin;D:\Android\Git\cmd;D:\JAVA\gradle-6.3\bin;D:\JAVA\maven\apache-maven-3.6.3\bin;C:\Program Files\MySQL\MySQL Server 8.0\bin;D:\NodeJs\;D:\Android\JDK\jdk1.8.0_121\bin;D:\Android\JDK\jdk1.8.0_121\jre\bin;D:\Android\SDK\platform-tools;D:\Android\SDK\emulator;D:\Android\SDK\tools;D:\Android\SDK\tools\bin;D:\Flutter\flutter\bin;D:\Python\Scripts\;D:\Python\;C:\Users\NING MEI\AppData\Local\Microsoft\WindowsApps;D:\Android\Git\cmd;C:\Users\NING MEI\AppData\Roaming\npm;D:\Android\SDK\platform-tools;D:\Android\SDK\emulator;D:\Android\SDK\tools;D:\Android\SDK\tools\bin;D:\VSCode\bin;D:\Flutter\flutter\bin;
USERNAME=Zhangzhenguo
OS=Windows_NT
PROCESSOR_IDENTIFIER=Intel64 Family 6 Model 158 Stepping 10, GenuineIntel



---------------  S Y S T E M  ---------------

OS: Windows 10.0 , 64 bit Build 19041 (10.0.19041.804)

CPU:total 6 (initial active 6) (6 cores per cpu, 1 threads per core) family 6 model 158 stepping 10, cmov, cx8, fxsr, mmx, sse, sse2, sse3, ssse3, sse4.1, sse4.2, popcnt, avx, avx2, aes, clmul, erms, 3dnowpref, lzcnt, tsc, tscinvbit, bmi1, bmi2, adx

Memory: 4k page, physical 16710712k(4182256k free), swap 16710712k(5740k free)

vm_info: OpenJDK 64-Bit Server VM (25.242-b01) for windows-amd64 JRE (1.8.0_242-release-1644-b01), built by "builder" with MS VC++ 10.0 (VS2010)

time: Wed Mar 17 17:00:29 2021
timezone: 中国标准时间
elapsed time: 11 seconds (0d 0h 0m 11s)

